INFO: [VRFC 10-2263] Analyzing Verilog file "D:/pipeline-cpu/Project_Src/pipeline_cpu/pipeline_cpu.srcs/sources_1/ip/Data_Memory/sim/Data_Memory.v" into library xil_defaultlib
INFO: [VRFC 10-311] analyzing module Data_Memory
INFO: [VRFC 10-2263] Analyzing Verilog file "D:/pipeline-cpu/Project_Src/pipeline_cpu/pipeline_cpu.srcs/sources_1/ip/Instrution_Memory/sim/Instrution_Memory.v" into library xil_defaultlib
INFO: [VRFC 10-311] analyzing module Instrution_Memory
INFO: [VRFC 10-2263] Analyzing Verilog file "D:/pipeline-cpu/Project_Src/pipeline_cpu/pipeline_cpu.srcs/sources_1/new/Ctrl.v" into library xil_defaultlib
INFO: [VRFC 10-311] analyzing module Ctrl
INFO: [VRFC 10-2263] Analyzing Verilog file "D:/pipeline-cpu/Project_Src/pipeline_cpu/pipeline_cpu.srcs/sources_1/new/EX_MEM.v" into library xil_defaultlib
INFO: [VRFC 10-311] analyzing module EX_MEM
INFO: [VRFC 10-2263] Analyzing Verilog file "D:/pipeline-cpu/Project_Src/pipeline_cpu/pipeline_cpu.srcs/sources_1/new/HILO.v" into library xil_defaultlib
INFO: [VRFC 10-311] analyzing module HILO
INFO: [VRFC 10-2263] Analyzing Verilog file "D:/pipeline-cpu/Project_Src/pipeline_cpu/pipeline_cpu.srcs/sources_1/new/ID_EX.v" into library xil_defaultlib
INFO: [VRFC 10-311] analyzing module ID_EX
INFO: [VRFC 10-2263] Analyzing Verilog file "D:/pipeline-cpu/Project_Src/pipeline_cpu/pipeline_cpu.srcs/sources_1/new/IF_ID.v" into library xil_defaultlib
INFO: [VRFC 10-311] analyzing module IF_ID
INFO: [VRFC 10-2263] Analyzing Verilog file "D:/pipeline-cpu/Project_Src/pipeline_cpu/pipeline_cpu.srcs/sources_1/new/Instruction_Decoder.v" into library xil_defaultlib
INFO: [VRFC 10-311] analyzing module Instruction_Decoder
ERROR: [VRFC 10-2989] 'O_ToIDEX_next_inst_in_delayslot' is not declared [D:/pipeline-cpu/Project_Src/pipeline_cpu/pipeline_cpu.srcs/sources_1/new/Instruction_Decoder.v:119]
ERROR: [VRFC 10-2989] 'O_ToIDEX_next_inst_in_delayslot' is not declared [D:/pipeline-cpu/Project_Src/pipeline_cpu/pipeline_cpu.srcs/sources_1/new/Instruction_Decoder.v:136]
ERROR: [VRFC 10-2989] 'O_ToIDEX_next_inst_in_delayslot' is not declared [D:/pipeline-cpu/Project_Src/pipeline_cpu/pipeline_cpu.srcs/sources_1/new/Instruction_Decoder.v:291]
ERROR: [VRFC 10-2989] 'O_ToIDEX_next_inst_in_delayslot' is not declared [D:/pipeline-cpu/Project_Src/pipeline_cpu/pipeline_cpu.srcs/sources_1/new/Instruction_Decoder.v:393]
ERROR: [VRFC 10-2989] 'O_ToIDEX_next_inst_in_delayslot' is not declared [D:/pipeline-cpu/Project_Src/pipeline_cpu/pipeline_cpu.srcs/sources_1/new/Instruction_Decoder.v:404]
ERROR: [VRFC 10-2989] 'O_ToIDEX_next_inst_in_delayslot' is not declared [D:/pipeline-cpu/Project_Src/pipeline_cpu/pipeline_cpu.srcs/sources_1/new/Instruction_Decoder.v:417]
ERROR: [VRFC 10-2989] 'O_ToIDEX_next_inst_in_delayslot' is not declared [D:/pipeline-cpu/Project_Src/pipeline_cpu/pipeline_cpu.srcs/sources_1/new/Instruction_Decoder.v:430]
ERROR: [VRFC 10-2989] 'O_ToIDEX_next_inst_in_delayslot' is not declared [D:/pipeline-cpu/Project_Src/pipeline_cpu/pipeline_cpu.srcs/sources_1/new/Instruction_Decoder.v:442]
ERROR: [VRFC 10-2989] 'O_ToIDEX_next_inst_in_delayslot' is not declared [D:/pipeline-cpu/Project_Src/pipeline_cpu/pipeline_cpu.srcs/sources_1/new/Instruction_Decoder.v:455]
ERROR: [VRFC 10-2989] 'O_ToIDEX_next_inst_in_delayslot' is not declared [D:/pipeline-cpu/Project_Src/pipeline_cpu/pipeline_cpu.srcs/sources_1/new/Instruction_Decoder.v:486]
ERROR: [VRFC 10-2989] 'O_ToIDEX_next_inst_in_delayslot' is not declared [D:/pipeline-cpu/Project_Src/pipeline_cpu/pipeline_cpu.srcs/sources_1/new/Instruction_Decoder.v:498]
ERROR: [VRFC 10-2865] module 'Instruction_Decoder' ignored due to previous errors [D:/pipeline-cpu/Project_Src/pipeline_cpu/pipeline_cpu.srcs/sources_1/new/Instruction_Decoder.v:23]
